<?xml version="1.0" encoding="UTF-8"?>
<testng-results ignored="0" total="4" passed="3" failed="1" skipped="0">
  <reporter-output>
  </reporter-output>
  <suite started-at="2024-02-15T17:10:51 IST" name="Default suite" finished-at="2024-02-15T17:10:58 IST" duration-ms="7227">
    <groups>
    </groups>
    <test started-at="2024-02-15T17:10:51 IST" name="Default test" finished-at="2024-02-15T17:10:58 IST" duration-ms="7227">
      <class name="testScripts.ArticlePageTest">
        <test-method is-config="true" signature="setup()[pri:0, instance:testScripts.ArticlePageTest@85ec632]" started-at="2024-02-15T17:10:51 IST" name="setup" finished-at="2024-02-15T17:10:53 IST" duration-ms="1899" status="PASS">
          <reporter-output>
          </reporter-output>
        </test-method> <!-- setup -->
        <test-method is-config="true" signature="setupExtent()[pri:0, instance:testScripts.ArticlePageTest@85ec632]" started-at="2024-02-15T17:10:53 IST" name="setupExtent" finished-at="2024-02-15T17:10:53 IST" duration-ms="309" status="PASS">
          <reporter-output>
          </reporter-output>
        </test-method> <!-- setupExtent -->
        <test-method signature="ValidloginTest()[pri:1, instance:testScripts.ArticlePageTest@85ec632]" started-at="2024-02-15T17:10:53 IST" name="ValidloginTest" finished-at="2024-02-15T17:10:54 IST" duration-ms="876" status="PASS">
          <reporter-output>
          </reporter-output>
        </test-method> <!-- ValidloginTest -->
        <test-method is-config="true" signature="teardown(org.testng.ITestResult)[pri:0, instance:testScripts.ArticlePageTest@85ec632]" started-at="2024-02-15T17:10:54 IST" name="teardown" finished-at="2024-02-15T17:10:54 IST" duration-ms="7" status="PASS">
          <params>
            <param index="0">
              <value>
                <![CDATA[[TestResult name=ValidloginTest status=SUCCESS method=ArticlePageTest.ValidloginTest()[pri:1, instance:testScripts.ArticlePageTest@85ec632] output={null}]]]>
              </value>
            </param>
          </params>
          <reporter-output>
          </reporter-output>
        </test-method> <!-- teardown -->
        <test-method signature="newArticle()[pri:2, instance:testScripts.ArticlePageTest@85ec632]" started-at="2024-02-15T17:10:54 IST" name="newArticle" finished-at="2024-02-15T17:10:56 IST" duration-ms="1639" status="PASS">
          <reporter-output>
          </reporter-output>
        </test-method> <!-- newArticle -->
        <test-method is-config="true" signature="teardown(org.testng.ITestResult)[pri:0, instance:testScripts.ArticlePageTest@85ec632]" started-at="2024-02-15T17:10:56 IST" name="teardown" finished-at="2024-02-15T17:10:56 IST" duration-ms="1" status="PASS">
          <params>
            <param index="0">
              <value>
                <![CDATA[[TestResult name=newArticle status=SUCCESS method=ArticlePageTest.newArticle()[pri:2, instance:testScripts.ArticlePageTest@85ec632] output={null}]]]>
              </value>
            </param>
          </params>
          <reporter-output>
          </reporter-output>
        </test-method> <!-- teardown -->
        <test-method signature="updateArticlePage()[pri:3, instance:testScripts.ArticlePageTest@85ec632]" started-at="2024-02-15T17:10:56 IST" name="updateArticlePage" finished-at="2024-02-15T17:10:57 IST" duration-ms="1135" status="FAIL">
          <exception class="java.lang.AssertionError">
            <message>
              <![CDATA[expected [Articles of Testin] but found [Articles of Testing]]]>
            </message>
            <full-stacktrace>
              <![CDATA[java.lang.AssertionError: expected [Articles of Testin] but found [Articles of Testing]
at org.testng.Assert.fail(Assert.java:99)
at org.testng.Assert.failNotEquals(Assert.java:1037)
at org.testng.Assert.assertEqualsImpl(Assert.java:140)
at org.testng.Assert.assertEquals(Assert.java:122)
at org.testng.Assert.assertEquals(Assert.java:629)
at org.testng.Assert.assertEquals(Assert.java:639)
at testScripts.ArticlePageTest.updateArticlePage(ArticlePageTest.java:100)
at java.base/jdk.internal.reflect.NativeMethodAccessorImpl.invoke0(Native Method)
at java.base/jdk.internal.reflect.NativeMethodAccessorImpl.invoke(NativeMethodAccessorImpl.java:77)
at java.base/jdk.internal.reflect.DelegatingMethodAccessorImpl.invoke(DelegatingMethodAccessorImpl.java:43)
at java.base/java.lang.reflect.Method.invoke(Method.java:568)
at org.testng.internal.MethodInvocationHelper.invokeMethod(MethodInvocationHelper.java:133)
at org.testng.internal.TestInvoker.invokeMethod(TestInvoker.java:598)
at org.testng.internal.TestInvoker.invokeTestMethod(TestInvoker.java:173)
at org.testng.internal.MethodRunner.runInSequence(MethodRunner.java:46)
at org.testng.internal.TestInvoker$MethodInvocationAgent.invoke(TestInvoker.java:824)
at org.testng.internal.TestInvoker.invokeTestMethods(TestInvoker.java:146)
at org.testng.internal.TestMethodWorker.invokeTestMethods(TestMethodWorker.java:146)
at org.testng.internal.TestMethodWorker.run(TestMethodWorker.java:128)
at java.base/java.util.ArrayList.forEach(ArrayList.java:1511)
at org.testng.TestRunner.privateRun(TestRunner.java:794)
at org.testng.TestRunner.run(TestRunner.java:596)
at org.testng.SuiteRunner.runTest(SuiteRunner.java:377)
at org.testng.SuiteRunner.runSequentially(SuiteRunner.java:371)
at org.testng.SuiteRunner.privateRun(SuiteRunner.java:332)
at org.testng.SuiteRunner.run(SuiteRunner.java:276)
at org.testng.SuiteRunnerWorker.runSuite(SuiteRunnerWorker.java:53)
at org.testng.SuiteRunnerWorker.run(SuiteRunnerWorker.java:96)
at org.testng.TestNG.runSuitesSequentially(TestNG.java:1212)
at org.testng.TestNG.runSuitesLocally(TestNG.java:1134)
at org.testng.TestNG.runSuites(TestNG.java:1063)
at org.testng.TestNG.run(TestNG.java:1031)
at org.testng.remote.AbstractRemoteTestNG.run(AbstractRemoteTestNG.java:115)
at org.testng.remote.RemoteTestNG.initAndRun(RemoteTestNG.java:251)
at org.testng.remote.RemoteTestNG.main(RemoteTestNG.java:77)
]]>
            </full-stacktrace>
          </exception> <!-- java.lang.AssertionError -->
          <reporter-output>
          </reporter-output>
        </test-method> <!-- updateArticlePage -->
        <test-method is-config="true" signature="teardown(org.testng.ITestResult)[pri:0, instance:testScripts.ArticlePageTest@85ec632]" started-at="2024-02-15T17:10:57 IST" name="teardown" finished-at="2024-02-15T17:10:57 IST" duration-ms="145" status="PASS">
          <params>
            <param index="0">
              <value>
                <![CDATA[[TestResult name=updateArticlePage status=FAILURE method=ArticlePageTest.updateArticlePage()[pri:3, instance:testScripts.ArticlePageTest@85ec632] output={null}]]]>
              </value>
            </param>
          </params>
          <reporter-output>
          </reporter-output>
        </test-method> <!-- teardown -->
        <test-method signature="deleteArticle()[pri:4, instance:testScripts.ArticlePageTest@85ec632]" started-at="2024-02-15T17:10:57 IST" name="deleteArticle" finished-at="2024-02-15T17:10:58 IST" duration-ms="720" status="PASS">
          <reporter-output>
          </reporter-output>
        </test-method> <!-- deleteArticle -->
        <test-method is-config="true" signature="teardown(org.testng.ITestResult)[pri:0, instance:testScripts.ArticlePageTest@85ec632]" started-at="2024-02-15T17:10:58 IST" name="teardown" finished-at="2024-02-15T17:10:58 IST" duration-ms="1" status="PASS">
          <params>
            <param index="0">
              <value>
                <![CDATA[[TestResult name=deleteArticle status=SUCCESS method=ArticlePageTest.deleteArticle()[pri:4, instance:testScripts.ArticlePageTest@85ec632] output={null}]]]>
              </value>
            </param>
          </params>
          <reporter-output>
          </reporter-output>
        </test-method> <!-- teardown -->
        <test-method is-config="true" signature="finishExtent()[pri:0, instance:testScripts.ArticlePageTest@85ec632]" started-at="2024-02-15T17:10:58 IST" name="finishExtent" finished-at="2024-02-15T17:10:58 IST" duration-ms="441" status="PASS">
          <reporter-output>
          </reporter-output>
        </test-method> <!-- finishExtent -->
      </class> <!-- testScripts.ArticlePageTest -->
    </test> <!-- Default test -->
  </suite> <!-- Default suite -->
</testng-results>
